[{"line":2,"elements":[{"start_timestamp":"2023-06-11T17:19:59.665Z","before":[{"result":{"duration":5915121200,"status":"passed"},"match":{"location":"hooks.Apihooks.setup()"}}],"line":5,"name":"Add an employee","description":"","id":"orange-app;add-an-employee","after":[{"result":{"duration":272000500,"status":"passed"},"match":{"location":"hooks.Apihooks.close()"}}],"type":"scenario","keyword":"Scenario","steps":[{"result":{"duration":798000300,"status":"passed"},"line":6,"name":"Launch the url with valid username and pass","match":{"location":"com.stepdefinition.stepdefinition.launch_the_url_with_valid_username_and_pass()"},"keyword":"Given "},{"result":{"duration":4480495700,"status":"passed"},"line":7,"name":"I select fcm and add employee from the dash","match":{"location":"com.stepdefinition.stepdefinition.i_select_fcm_and_add_employee_from_the_dash()"},"keyword":"When "},{"result":{"duration":1236120900,"status":"passed"},"line":8,"name":"enter the details and click on submit","match":{"location":"com.stepdefinition.stepdefinition.enter_the_details_and_click_on_submit()"},"keyword":"Then "}],"tags":[{"name":"@Test"},{"name":"@web"}]}],"name":"Orange app","description":"","id":"orange-app","keyword":"Feature","uri":"file:src/test/java/com/feature/Orange.feature","tags":[{"name":"@Test","type":"Tag","location":{"line":1,"column":1}}]},{"line":2,"elements":[{"line":4,"name":"Launch and Login","description":"","type":"background","keyword":"Background","steps":[{"result":{"error_message":"org.openqa.selenium.WebDriverException: unknown error: net::ERR_CONNECTION_RESET\n  (Session info: chrome=114.0.5735.110)\nBuild info: version: '3.141.59', revision: 'e82be7d358', time: '2018-11-14T08:17:03'\nSystem info: host: 'TVDI-007', ip: '192.168.94.59', os.name: 'Windows 10', os.arch: 'amd64', os.version: '10.0', java.version: '17.0.6'\nDriver info: org.openqa.selenium.chrome.ChromeDriver\nCapabilities {acceptInsecureCerts: false, browserName: chrome, browserVersion: 114.0.5735.110, chrome: {chromedriverVersion: 114.0.5735.90 (386bc09e8f4f..., userDataDir: C:\\Users\\VDI007\\AppData\\Loc...}, goog:chromeOptions: {debuggerAddress: localhost:65341}, javascriptEnabled: true, networkConnectionEnabled: false, pageLoadStrategy: normal, platform: WINDOWS, platformName: WINDOWS, proxy: Proxy(), setWindowRect: true, strictFileInteractability: false, timeouts: {implicit: 0, pageLoad: 300000, script: 30000}, unhandledPromptBehavior: dismiss and notify, webauthn:extension:credBlob: true, webauthn:extension:largeBlob: true, webauthn:extension:minPinLength: true, webauthn:extension:prf: true, webauthn:virtualAuthenticators: true}\nSession ID: a8422deec7caee29f2f5fac6da77c12e\r\n\tat java.base/jdk.internal.reflect.NativeConstructorAccessorImpl.newInstance0(Native Method)\r\n\tat java.base/jdk.internal.reflect.NativeConstructorAccessorImpl.newInstance(NativeConstructorAccessorImpl.java:77)\r\n\tat java.base/jdk.internal.reflect.DelegatingConstructorAccessorImpl.newInstance(DelegatingConstructorAccessorImpl.java:45)\r\n\tat java.base/java.lang.reflect.Constructor.newInstanceWithCaller(Constructor.java:499)\r\n\tat java.base/java.lang.reflect.Constructor.newInstance(Constructor.java:480)\r\n\tat org.openqa.selenium.remote.http.W3CHttpResponseCodec.createException(W3CHttpResponseCodec.java:187)\r\n\tat org.openqa.selenium.remote.http.W3CHttpResponseCodec.decode(W3CHttpResponseCodec.java:122)\r\n\tat org.openqa.selenium.remote.http.W3CHttpResponseCodec.decode(W3CHttpResponseCodec.java:49)\r\n\tat org.openqa.selenium.remote.HttpCommandExecutor.execute(HttpCommandExecutor.java:158)\r\n\tat org.openqa.selenium.remote.service.DriverCommandExecutor.execute(DriverCommandExecutor.java:83)\r\n\tat org.openqa.selenium.remote.RemoteWebDriver.execute(RemoteWebDriver.java:552)\r\n\tat org.openqa.selenium.remote.RemoteWebDriver.get(RemoteWebDriver.java:277)\r\n\tat com.stepdefinition.Appoinment_stepdefiniton.launch_the_url(Appoinment_stepdefiniton.java:31)\r\n\tat ✽.launch the URL(file:///C:/Users/VDI007/eclipse-workspace/Orange/src/test/java/com/feature/katalon.feature:5)\r\n","duration":3264998700,"status":"failed"},"line":5,"name":"launch the URL","match":{"location":"com.stepdefinition.Appoinment_stepdefiniton.launch_the_url()"},"keyword":"Given "},{"result":{"duration":1003500,"status":"skipped"},"line":6,"name":"I Login using Username and Password","match":{"location":"com.stepdefinition.Appoinment_stepdefiniton.i_login_using_username_and_password()"},"keyword":"When "},{"result":{"status":"skipped"},"line":7,"name":"Click the Login Button","match":{"location":"com.stepdefinition.Appoinment_stepdefiniton.click_the_login_button()"},"keyword":"And "}]},{"start_timestamp":"2023-06-11T17:20:12.444Z","line":9,"name":"Book an appoinment","description":"","id":"katalon;book-an-appoinment","type":"scenario","keyword":"Scenario","steps":[{"result":{"duration":1000900,"status":"skipped"},"line":10,"name":"I Select Hongkong Health centre from the facility","match":{"location":"com.stepdefinition.Appoinment_stepdefiniton.i_select_hongkong_health_centre_from_the_facility()"},"keyword":"When "},{"result":{"status":"skipped"},"line":11,"name":"I select Medicare from Healthcare program","match":{"location":"com.stepdefinition.Appoinment_stepdefiniton.i_select_medicare_from_healthcare_program()"},"keyword":"And "},{"result":{"status":"skipped"},"line":12,"name":"I select the Visit date and enter the des","match":{"location":"com.stepdefinition.Appoinment_stepdefiniton.i_select_the_visit_date_and_enter_the_des()"},"keyword":"And "},{"result":{"duration":1000500,"status":"skipped"},"line":13,"name":"click the book appoinment button","match":{"location":"com.stepdefinition.Appoinment_stepdefiniton.click_the_book_appoinment_button()"},"keyword":"And "},{"result":{"status":"skipped"},"line":14,"name":"capture the message","match":{"location":"com.stepdefinition.Appoinment_stepdefiniton.capture_the_message()"},"keyword":"Then "}],"tags":[{"name":"@Test"}]}],"name":"Katalon","description":"","id":"katalon","keyword":"Feature","uri":"file:src/test/java/com/feature/katalon.feature","tags":[{"name":"@Test","type":"Tag","location":{"line":1,"column":1}}]},{"line":2,"elements":[{"start_timestamp":"2023-06-11T17:20:15.816Z","line":3,"name":"place an order","description":"","id":"sauce-app;place-an-order","type":"scenario","keyword":"Scenario","steps":[{"result":{"duration":3120998300,"status":"passed"},"line":4,"name":"Launch the url using valid username \"standard_user\" and password \"secret_sauce\"","match":{"arguments":[{"val":"\"standard_user\"","offset":36},{"val":"\"secret_sauce\"","offset":65}],"location":"com.stepdefinition.stepdefinition_sauce.launch_the_url_using_valid_username_and_password(java.lang.String,java.lang.String)"},"keyword":"Given "},{"result":{"duration":199000900,"status":"passed"},"line":5,"name":"I add a product to the cart and click on cart button","match":{"location":"com.stepdefinition.stepdefinition_sauce.i_add_a_product_to_the_cart_and_click_on_cart_button()"},"keyword":"When "},{"result":{"duration":84999000,"status":"passed"},"line":6,"name":"Check out button is clicked","match":{"location":"com.stepdefinition.stepdefinition_sauce.check_out_button_is_clicked()"},"keyword":"And "},{"result":{"duration":426999000,"status":"passed"},"line":7,"name":"customer details are filled and click on continue button","match":{"location":"com.stepdefinition.stepdefinition_sauce.customer_details_are_filled_and_click_on_continue_button()"},"keyword":"And "},{"result":{"duration":834001900,"status":"passed"},"line":8,"name":"place the order and validate the message","match":{"location":"com.stepdefinition.stepdefinition_sauce.place_the_order_and_validate_the_message()"},"keyword":"Then "}],"tags":[{"name":"@Test"}]}],"name":"sauce app","description":"","id":"sauce-app","keyword":"Feature","uri":"file:src/test/java/com/feature/sauce.feature","tags":[{"name":"@Test","type":"Tag","location":{"line":1,"column":1}}]},{"line":2,"elements":[{"start_timestamp":"2023-06-11T17:20:20.494Z","line":3,"name":"Get the state provicence","description":"","id":"university;get-the-state-provicence","type":"scenario","keyword":"Scenario","steps":[{"result":{"duration":8668001400,"status":"passed"},"line":4,"name":"Hit the URI","match":{"location":"com.stepdefinition.stepdefinition_stateprovince.hit_the_uri()"},"keyword":"Given "},{"result":{"duration":1000000,"status":"passed"},"line":5,"name":"I post the get response","match":{"location":"com.stepdefinition.stepdefinition_stateprovince.i_post_the_get_response()"},"keyword":"When "},{"result":{"status":"passed"},"line":6,"name":"Print the state provicence","match":{"location":"com.stepdefinition.stepdefinition_stateprovince.print_the_state_provicence()"},"keyword":"Then "}],"tags":[{"name":"@Test"}]}],"name":"University","description":"","id":"university","keyword":"Feature","uri":"file:src/test/java/com/feature/south.feature","tags":[{"name":"@Test","type":"Tag","location":{"line":1,"column":1}}]},{"line":2,"elements":[{"start_timestamp":"2023-06-11T17:20:29.174Z","line":3,"name":"List of resource","description":"","id":"req-resource;list-of-resource","type":"scenario","keyword":"Scenario","steps":[{"result":{"duration":2931484400,"status":"passed"},"line":4,"name":"Hit the URI","match":{"location":"com.stepdefinition.stepdefinition_stateprovince.hit_the_uri()"},"keyword":"Given "},{"result":{"error_message":"io.restassured.path.json.exception.JsonPathException: Failed to parse the JSON document\r\n\tat io.restassured.path.json.JsonPath$ExceptionCatcher.invoke(JsonPath.java:1002)\r\n\tat io.restassured.path.json.JsonPath$4.doParseWith(JsonPath.java:967)\r\n\tat io.restassured.path.json.JsonPath$JsonParser.parseWith(JsonPath.java:1047)\r\n\tat io.restassured.path.json.JsonPath.get(JsonPath.java:202)\r\n\tat io.restassured.path.json.JsonPath.getString(JsonPath.java:352)\r\n\tat com.stepdefinition.stepdefinition2.get_request_to_get_list_of_resouces(stepdefinition2.java:16)\r\n\tat ✽.Get request to get list of resouces(file:///C:/Users/VDI007/eclipse-workspace/Orange/src/test/java/com/feature/test1.feature:5)\r\nCaused by: groovy.json.JsonException: Lexing failed on line: 1, column: 1, while reading '<', no possible valid JSON value or punctuation could be recognized.\r\n\tat groovy.json.JsonLexer.nextToken(JsonLexer.java:86)\r\n\tat groovy.json.JsonLexer$nextToken.call(Unknown Source)\r\n\tat io.restassured.internal.path.json.ConfigurableJsonSlurper.parse(ConfigurableJsonSlurper.groovy:97)\r\n\tat io.restassured.internal.path.json.ConfigurableJsonSlurper$parse.callCurrent(Unknown Source)\r\n\tat io.restassured.internal.path.json.ConfigurableJsonSlurper.parseText(ConfigurableJsonSlurper.groovy:83)\r\n\tat io.restassured.path.json.JsonPath$4$1.method(JsonPath.java:965)\r\n\tat io.restassured.path.json.JsonPath$ExceptionCatcher.invoke(JsonPath.java:1000)\r\n\tat io.restassured.path.json.JsonPath$4.doParseWith(JsonPath.java:967)\r\n\tat io.restassured.path.json.JsonPath$JsonParser.parseWith(JsonPath.java:1047)\r\n\tat io.restassured.path.json.JsonPath.get(JsonPath.java:202)\r\n\tat io.restassured.path.json.JsonPath.getString(JsonPath.java:352)\r\n\tat com.stepdefinition.stepdefinition2.get_request_to_get_list_of_resouces(stepdefinition2.java:16)\r\n\tat java.base/jdk.internal.reflect.NativeMethodAccessorImpl.invoke0(Native Method)\r\n\tat java.base/jdk.internal.reflect.NativeMethodAccessorImpl.invoke(NativeMethodAccessorImpl.java:77)\r\n\tat java.base/jdk.internal.reflect.DelegatingMethodAccessorImpl.invoke(DelegatingMethodAccessorImpl.java:43)\r\n\tat java.base/java.lang.reflect.Method.invoke(Method.java:568)\r\n\tat io.cucumber.java.Invoker.doInvoke(Invoker.java:66)\r\n\tat io.cucumber.java.Invoker.invoke(Invoker.java:24)\r\n\tat io.cucumber.java.AbstractGlueDefinition.invokeMethod(AbstractGlueDefinition.java:47)\r\n\tat io.cucumber.java.JavaStepDefinition.execute(JavaStepDefinition.java:29)\r\n\tat io.cucumber.core.runner.CoreStepDefinition.execute(CoreStepDefinition.java:66)\r\n\tat io.cucumber.core.runner.PickleStepDefinitionMatch.runStep(PickleStepDefinitionMatch.java:63)\r\n\tat io.cucumber.core.runner.ExecutionMode$1.execute(ExecutionMode.java:10)\r\n\tat io.cucumber.core.runner.TestStep.executeStep(TestStep.java:84)\r\n\tat io.cucumber.core.runner.TestStep.run(TestStep.java:56)\r\n\tat io.cucumber.core.runner.PickleStepTestStep.run(PickleStepTestStep.java:51)\r\n\tat io.cucumber.core.runner.TestCase.run(TestCase.java:84)\r\n\tat io.cucumber.core.runner.Runner.runPickle(Runner.java:75)\r\n\tat io.cucumber.junit.PickleRunners$NoStepDescriptions.lambda$run$0(PickleRunners.java:151)\r\n\tat io.cucumber.core.runtime.CucumberExecutionContext.lambda$runTestCase$5(CucumberExecutionContext.java:130)\r\n\tat io.cucumber.core.runtime.RethrowingThrowableCollector.executeAndThrow(RethrowingThrowableCollector.java:23)\r\n\tat io.cucumber.core.runtime.CucumberExecutionContext.runTestCase(CucumberExecutionContext.java:130)\r\n\tat io.cucumber.junit.PickleRunners$NoStepDescriptions.run(PickleRunners.java:148)\r\n\tat io.cucumber.junit.FeatureRunner.runChild(FeatureRunner.java:144)\r\n\tat io.cucumber.junit.FeatureRunner.runChild(FeatureRunner.java:28)\r\n\tat org.junit.runners.ParentRunner$4.run(ParentRunner.java:331)\r\n\tat org.junit.runners.ParentRunner$1.schedule(ParentRunner.java:79)\r\n\tat org.junit.runners.ParentRunner.runChildren(ParentRunner.java:329)\r\n\tat org.junit.runners.ParentRunner.access$100(ParentRunner.java:66)\r\n\tat org.junit.runners.ParentRunner$2.evaluate(ParentRunner.java:293)\r\n\tat org.junit.runners.ParentRunner$3.evaluate(ParentRunner.java:306)\r\n\tat org.junit.runners.ParentRunner.run(ParentRunner.java:413)\r\n\tat io.cucumber.junit.FeatureRunner.run(FeatureRunner.java:137)\r\n\tat io.cucumber.junit.Cucumber.runChild(Cucumber.java:196)\r\n\tat io.cucumber.junit.Cucumber.runChild(Cucumber.java:89)\r\n\tat org.junit.runners.ParentRunner$4.run(ParentRunner.java:331)\r\n\tat org.junit.runners.ParentRunner$1.schedule(ParentRunner.java:79)\r\n\tat org.junit.runners.ParentRunner.runChildren(ParentRunner.java:329)\r\n\tat org.junit.runners.ParentRunner.access$100(ParentRunner.java:66)\r\n\tat org.junit.runners.ParentRunner$2.evaluate(ParentRunner.java:293)\r\n\tat io.cucumber.junit.Cucumber$RunBeforeAllHooks.evaluate(Cucumber.java:266)\r\n\tat io.cucumber.junit.Cucumber$RunAfterAllHooks.evaluate(Cucumber.java:281)\r\n\tat io.cucumber.junit.Cucumber$StartTestRun.evaluate(Cucumber.java:233)\r\n\tat io.cucumber.junit.Cucumber$FinishTestRun.evaluate(Cucumber.java:248)\r\n\tat org.junit.runners.ParentRunner$3.evaluate(ParentRunner.java:306)\r\n\tat org.junit.runners.ParentRunner.run(ParentRunner.java:413)\r\n\tat org.junit.runner.JUnitCore.run(JUnitCore.java:137)\r\n\tat org.junit.runner.JUnitCore.run(JUnitCore.java:115)\r\n\tat org.junit.vintage.engine.execution.RunnerExecutor.execute(RunnerExecutor.java:42)\r\n\tat org.junit.vintage.engine.VintageTestEngine.executeAllChildren(VintageTestEngine.java:80)\r\n\tat org.junit.vintage.engine.VintageTestEngine.execute(VintageTestEngine.java:72)\r\n\tat org.junit.platform.launcher.core.EngineExecutionOrchestrator.execute(EngineExecutionOrchestrator.java:147)\r\n\tat org.junit.platform.launcher.core.EngineExecutionOrchestrator.execute(EngineExecutionOrchestrator.java:127)\r\n\tat org.junit.platform.launcher.core.EngineExecutionOrchestrator.execute(EngineExecutionOrchestrator.java:90)\r\n\tat org.junit.platform.launcher.core.EngineExecutionOrchestrator.lambda$execute$0(EngineExecutionOrchestrator.java:55)\r\n\tat org.junit.platform.launcher.core.EngineExecutionOrchestrator.withInterceptedStreams(EngineExecutionOrchestrator.java:102)\r\n\tat org.junit.platform.launcher.core.EngineExecutionOrchestrator.execute(EngineExecutionOrchestrator.java:54)\r\n\tat org.junit.platform.launcher.core.DefaultLauncher.execute(DefaultLauncher.java:114)\r\n\tat org.junit.platform.launcher.core.DefaultLauncher.execute(DefaultLauncher.java:95)\r\n\tat org.junit.platform.launcher.core.DefaultLauncherSession$DelegatingLauncher.execute(DefaultLauncherSession.java:91)\r\n\tat org.junit.platform.launcher.core.SessionPerRequestLauncher.execute(SessionPerRequestLauncher.java:60)\r\n\tat org.eclipse.jdt.internal.junit5.runner.JUnit5TestReference.run(JUnit5TestReference.java:98)\r\n\tat org.eclipse.jdt.internal.junit.runner.TestExecution.run(TestExecution.java:40)\r\n\tat org.eclipse.jdt.internal.junit.runner.RemoteTestRunner.runTests(RemoteTestRunner.java:529)\r\n\tat org.eclipse.jdt.internal.junit.runner.RemoteTestRunner.runTests(RemoteTestRunner.java:756)\r\n\tat org.eclipse.jdt.internal.junit.runner.RemoteTestRunner.run(RemoteTestRunner.java:452)\r\n\tat org.eclipse.jdt.internal.junit.runner.RemoteTestRunner.main(RemoteTestRunner.java:210)\r\n","duration":787625300,"status":"failed"},"line":5,"name":"Get request to get list of resouces","match":{"location":"com.stepdefinition.stepdefinition2.get_request_to_get_list_of_resouces()"},"keyword":"And "},{"result":{"status":"skipped"},"line":6,"name":"get a single resource name and validate the status code","match":{"location":"com.stepdefinition.stepdefinition2.get_a_single_resource_name_and_validate_the_status_code()"},"keyword":"Then "}],"tags":[{"name":"@Test"}]}],"name":"Req resource","description":"","id":"req-resource","keyword":"Feature","uri":"file:src/test/java/com/feature/test1.feature","tags":[{"name":"@Test","type":"Tag","location":{"line":1,"column":1}}]}]